C51 COMPILER V9.60.0.0   BUTTON                                                            11/04/2023 11:36:01 PAGE 1   


C51 COMPILER V9.60.0.0, COMPILATION OF MODULE BUTTON
OBJECT MODULE PLACED IN .\src\button.OBJ
COMPILER INVOKED BY: C:\SiliconLabs\SimplicityStudio\v5_3\developer\toolchains\keil_8051\9.60\BIN\C51.exe C:\src\Tennp\G
                    -it\SBUS_PWM_PWR\Firmware\src\button.c OMF2 SMALL DEBUG OBJECTEXTEND ROM(LARGE) WARNINGLEVEL(2) FLOATFUZZY(3) OPTIMIZE(8,
                    -SPEED) DEFINE(DEBUG=1) INTVECTOR(0X0000) INTPROMOTE INCDIR(C:/SiliconLabs/SimplicityStudio/v5_3/developer/sdks/8051/v4.2
                    -.3//Device/EFM8BB51/inc;C:/SiliconLabs/SimplicityStudio/v5_3/developer/sdks/8051/v4.2.3//Device/shared/si8051Base) PRINT
                    -(.\src\button.lst) COND PAGEWIDTH(120) PAGELENGTH(65) OBJECT(.\src\button.OBJ)

line level    source

   1          #include "main.h"
   2          #include "button.h"
   3          
   4          // call this before going to powerdown mode
   5          void set_button_powerdown(void){
   6   1        // Power down: BUTA = 1 (open drain), BUTB = 0
   7   1        P1MDOUT &= ~P1MDOUT_B1__BMASK; // Open-drain
   8   1        PIN_BUTB = 0;
   9   1        PIN_BUTA = 1;
  10   1      }
  11          
  12          // call this after we decided to turn on the power
  13          void set_button_active(void){
  14   1        // Active: BUTA = 0, BUTB = 1
  15   1        PIN_BUTA = 0;
  16   1        PIN_BUTB = 1;
  17   1        P1MDOUT |= P1MDOUT_B1__PUSH_PULL;
  18   1      }


MODULE INFORMATION:   STATIC OVERLAYABLE
   CODE SIZE        =     16    ----
   CONSTANT SIZE    =   ----    ----
   XDATA SIZE       =   ----    ----
   PDATA SIZE       =   ----    ----
   DATA SIZE        =   ----    ----
   IDATA SIZE       =   ----    ----
   BIT SIZE         =   ----    ----
   EDATA SIZE       =   ----    ----
   HDATA SIZE       =   ----    ----
   XDATA CONST SIZE =   ----    ----
   FAR CONST SIZE   =   ----    ----
END OF MODULE INFORMATION.


C51 COMPILATION COMPLETE.  0 WARNING(S),  0 ERROR(S)
